  audioSystem.cpp
c:\users\ashley\source\repos\gamelibaryclass\ncgame\engine\engine.h(4): fatal error C1083: Cannot open include file: 'sdl.h': No such file or directory
  color.cpp
c:\users\ashley\source\repos\gamelibaryclass\ncgame\engine\engine.h(4): fatal error C1083: Cannot open include file: 'sdl.h': No such file or directory
  Engine.cpp
c:\users\ashley\source\repos\gamelibaryclass\ncgame\engine\engine.h(4): fatal error C1083: Cannot open include file: 'sdl.h': No such file or directory
  inputManager.cpp
c:\users\ashley\source\repos\gamelibaryclass\ncgame\engine\engine.h(4): fatal error C1083: Cannot open include file: 'sdl.h': No such file or directory
  math.cpp
c:\users\ashley\source\repos\gamelibaryclass\ncgame\engine\engine.h(4): fatal error C1083: Cannot open include file: 'sdl.h': No such file or directory
  matrix22.cpp
c:\users\ashley\source\repos\gamelibaryclass\ncgame\engine\engine.h(4): fatal error C1083: Cannot open include file: 'sdl.h': No such file or directory
  matrix33.cpp
c:\users\ashley\source\repos\gamelibaryclass\ncgame\engine\engine.h(4): fatal error C1083: Cannot open include file: 'sdl.h': No such file or directory
  renderer.cpp
c:\users\ashley\source\repos\gamelibaryclass\ncgame\engine\engine.h(4): fatal error C1083: Cannot open include file: 'sdl.h': No such file or directory
  text.cpp
c:\users\ashley\source\repos\gamelibaryclass\ncgame\engine\engine.h(4): fatal error C1083: Cannot open include file: 'sdl.h': No such file or directory
  textManager.cpp
c:\users\ashley\source\repos\gamelibaryclass\ncgame\engine\engine.h(4): fatal error C1083: Cannot open include file: 'sdl.h': No such file or directory
  TextureManager.cpp
c:\users\ashley\source\repos\gamelibaryclass\ncgame\engine\engine.h(4): fatal error C1083: Cannot open include file: 'sdl.h': No such file or directory
  Timer.cpp
c:\users\ashley\source\repos\gamelibaryclass\ncgame\engine\engine.h(4): fatal error C1083: Cannot open include file: 'sdl.h': No such file or directory
  vector2D.cpp
c:\users\ashley\source\repos\gamelibaryclass\ncgame\engine\engine.h(4): fatal error C1083: Cannot open include file: 'sdl.h': No such file or directory
  vector3D.cpp
c:\users\ashley\source\repos\gamelibaryclass\ncgame\engine\engine.h(4): fatal error C1083: Cannot open include file: 'sdl.h': No such file or directory
