c:\users\ashley\source\repos\gamelibaryclass\ncgame\engine\x64\debug\vc141.pdb
c:\users\ashley\source\repos\gamelibaryclass\ncgame\engine\x64\debug\vc141.idb
c:\users\ashley\source\repos\gamelibaryclass\ncgame\engine\x64\debug\textmanager.obj
c:\users\ashley\source\repos\gamelibaryclass\ncgame\engine\x64\debug\text.obj
c:\users\ashley\source\repos\gamelibaryclass\ncgame\engine\x64\debug\renderer.obj
c:\users\ashley\source\repos\gamelibaryclass\ncgame\engine\x64\debug\matrix33.obj
c:\users\ashley\source\repos\gamelibaryclass\ncgame\engine\x64\debug\matrix22.obj
c:\users\ashley\source\repos\gamelibaryclass\ncgame\engine\x64\debug\_math.obj
c:\users\ashley\source\repos\gamelibaryclass\ncgame\engine\x64\debug\transformcomponent.obj
c:\users\ashley\source\repos\gamelibaryclass\ncgame\engine\x64\debug\texture.obj
c:\users\ashley\source\repos\gamelibaryclass\ncgame\engine\x64\debug\spritecomponent.obj
c:\users\ashley\source\repos\gamelibaryclass\ncgame\engine\x64\debug\shipcontrollercomponent.obj
c:\users\ashley\source\repos\gamelibaryclass\ncgame\engine\x64\debug\scene.obj
c:\users\ashley\source\repos\gamelibaryclass\ncgame\engine\x64\debug\object.obj
c:\users\ashley\source\repos\gamelibaryclass\ncgame\engine\x64\debug\inputmanager.obj
c:\users\ashley\source\repos\gamelibaryclass\ncgame\engine\x64\debug\id.obj
c:\users\ashley\source\repos\gamelibaryclass\ncgame\engine\x64\debug\entity.obj
c:\users\ashley\source\repos\gamelibaryclass\ncgame\engine\x64\debug\engine.obj
c:\users\ashley\source\repos\gamelibaryclass\ncgame\engine\x64\debug\controllercomponent.obj
c:\users\ashley\source\repos\gamelibaryclass\ncgame\engine\x64\debug\component.obj
c:\users\ashley\source\repos\gamelibaryclass\ncgame\engine\x64\debug\color.obj
c:\users\ashley\source\repos\gamelibaryclass\ncgame\engine\x64\debug\audiosystem.obj
c:\users\ashley\source\repos\gamelibaryclass\ncgame\engine\x64\debug\vector3d.obj
c:\users\ashley\source\repos\gamelibaryclass\ncgame\engine\x64\debug\vector2d.obj
c:\users\ashley\source\repos\gamelibaryclass\ncgame\engine\x64\debug\timer.obj
c:\users\ashley\source\repos\gamelibaryclass\ncgame\engine\x64\debug\texturemanager.obj
c:\users\ashley\source\repos\gamelibaryclass\ncgame\x64\debug\engine.lib
c:\users\ashley\source\repos\gamelibaryclass\ncgame\x64\debug\engine.exp
c:\users\ashley\source\repos\gamelibaryclass\ncgame\x64\debug\engine.dll
c:\users\ashley\source\repos\gamelibaryclass\ncgame\x64\debug\engine.ilk
c:\users\ashley\source\repos\gamelibaryclass\ncgame\x64\debug\engine.pdb
c:\users\ashley\source\repos\gamelibaryclass\ncgame\engine\x64\debug\texture.obj.enc
c:\users\ashley\source\repos\gamelibaryclass\ncgame\engine\x64\debug\engine.tlog\cl.command.1.tlog
c:\users\ashley\source\repos\gamelibaryclass\ncgame\engine\x64\debug\engine.tlog\cl.read.1.tlog
c:\users\ashley\source\repos\gamelibaryclass\ncgame\engine\x64\debug\engine.tlog\cl.write.1.tlog
c:\users\ashley\source\repos\gamelibaryclass\ncgame\engine\x64\debug\engine.tlog\engine.write.1u.tlog
c:\users\ashley\source\repos\gamelibaryclass\ncgame\engine\x64\debug\engine.tlog\link.command.1.tlog
c:\users\ashley\source\repos\gamelibaryclass\ncgame\engine\x64\debug\engine.tlog\link.read.1.tlog
c:\users\ashley\source\repos\gamelibaryclass\ncgame\engine\x64\debug\engine.tlog\link.write.1.tlog
