c:\users\ashley\documents\github\game---gamelibaryclass\ncgame\game\release\vc141.pdb
c:\users\ashley\documents\github\game---gamelibaryclass\ncgame\game\release\states.obj
c:\users\ashley\documents\github\game---gamelibaryclass\ncgame\game\release\shipcontrollercomponent.obj
c:\users\ashley\documents\github\game---gamelibaryclass\ncgame\game\release\ship.obj
c:\users\ashley\documents\github\game---gamelibaryclass\ncgame\game\release\missile.obj
c:\users\ashley\documents\github\game---gamelibaryclass\ncgame\game\release\main.obj
c:\users\ashley\documents\github\game---gamelibaryclass\ncgame\game\release\game.obj
c:\users\ashley\documents\github\game---gamelibaryclass\ncgame\game\release\enemycontrollercomponent.obj
c:\users\ashley\documents\github\game---gamelibaryclass\ncgame\game\release\enemy.obj
c:\users\ashley\documents\github\game---gamelibaryclass\ncgame\game\release\explosion.obj
c:\users\ashley\documents\github\game---gamelibaryclass\ncgame\release\game.ipdb
c:\users\ashley\documents\github\game---gamelibaryclass\ncgame\release\game.iobj
c:\users\ashley\documents\github\game---gamelibaryclass\ncgame\release\game.exe
c:\users\ashley\documents\github\game---gamelibaryclass\ncgame\release\game.pdb
c:\users\ashley\documents\github\game---gamelibaryclass\ncgame\game\release\game.tlog\cl.command.1.tlog
c:\users\ashley\documents\github\game---gamelibaryclass\ncgame\game\release\game.tlog\cl.read.1.tlog
c:\users\ashley\documents\github\game---gamelibaryclass\ncgame\game\release\game.tlog\cl.write.1.tlog
c:\users\ashley\documents\github\game---gamelibaryclass\ncgame\game\release\game.tlog\game.write.1u.tlog
c:\users\ashley\documents\github\game---gamelibaryclass\ncgame\game\release\game.tlog\link.command.1.tlog
c:\users\ashley\documents\github\game---gamelibaryclass\ncgame\game\release\game.tlog\link.read.1.tlog
c:\users\ashley\documents\github\game---gamelibaryclass\ncgame\game\release\game.tlog\link.write.1.tlog
