  aabb.cpp
  aabbComponent.cpp
  animationComponent.cpp
  debugDraw.cpp
  engine.cpp
  entity.cpp
  eventManager.cpp
  inputManager.cpp
  kinematicComponent.cpp
  matrix22.cpp
  matrix33.cpp
  physics.cpp
  renderer.cpp
  scene.cpp
  spriteComponent.cpp
  text.cpp
  textComponent.cpp
  textManager.cpp
  texture.cpp
  textureManager.cpp
  Compiling...
  transform.cpp
  transformComponent.cpp
  transformControllerComponent.cpp
  vector2D.cpp
  vector3D.cpp
  waypointControllerComponent.cpp
  waypoints.cpp
     Creating library C:\Users\Ashley\Documents\GitHub\Game---GameLibaryClass\NCGame\Release\Engine.lib and object C:\Users\Ashley\Documents\GitHub\Game---GameLibaryClass\NCGame\Release\Engine.exp
  Generating code
  8 of 2100 functions ( 0.4%) were compiled, the rest were copied from previous compilation.
    0 functions were new in current compilation
    1 functions had inline decision re-evaluated but remain unchanged
  Finished generating code
  Engine.vcxproj -> C:\Users\Ashley\Documents\GitHub\Game---GameLibaryClass\NCGame\Release\Engine.dll
