  aabb.cpp
  aabbComponent.cpp
  animationComponent.cpp
  debugDraw.cpp
  engine.cpp
  entity.cpp
  eventManager.cpp
  inputManager.cpp
  kinematicComponent.cpp
  matrix22.cpp
  matrix33.cpp
  physics.cpp
  renderer.cpp
  scene.cpp
  spriteComponent.cpp
  text.cpp
  textComponent.cpp
  textManager.cpp
  texture.cpp
  textureManager.cpp
  Generating Code...
  Compiling...
  transform.cpp
  transformComponent.cpp
  transformControllerComponent.cpp
  vector2D.cpp
  vector3D.cpp
  waypointControllerComponent.cpp
  waypoints.cpp
  Generating Code...
     Creating library C:\Users\Ashley\Documents\GitHub\Game---GameLibaryClass\NCGame\Debug\Engine.lib and object C:\Users\Ashley\Documents\GitHub\Game---GameLibaryClass\NCGame\Debug\Engine.exp
  Engine.vcxproj -> C:\Users\Ashley\Documents\GitHub\Game---GameLibaryClass\NCGame\Debug\Engine.dll
